#
# There is insufficient memory for the Java Runtime Environment to continue.
# Native memory allocation (mmap) failed to map 201326592 bytes for G1 virtual space
# Possible reasons:
#   The system is out of physical RAM or swap space
#   The process is running with CompressedOops enabled, and the Java Heap may be blocking the growth of the native heap
# Possible solutions:
#   Reduce memory load on the system
#   Increase physical memory or swap space
#   Check if swap backing store is full
#   Decrease Java heap size (-Xmx/-Xms)
#   Decrease number of Java threads
#   Decrease Java thread stack sizes (-Xss)
#   Set larger code cache with -XX:ReservedCodeCacheSize=
#   JVM is running with Zero Based Compressed Oops mode in which the Java heap is
#     placed in the first 32GB address space. The Java Heap base address is the
#     maximum limit for the native heap growth. Please use -XX:HeapBaseMinAddress
#     to set the Java Heap base and to place the Java Heap above 32GB virtual address.
# This output file may be truncated or incomplete.
#
#  Out of Memory Error (os_windows.cpp:3527), pid=9192, tid=14636
#
# JRE version:  (19.0+36) (build )
# Java VM: Java HotSpot(TM) 64-Bit Server VM (19+36-2238, mixed mode, sharing, tiered, compressed oops, compressed class ptrs, g1 gc, windows-amd64)
# No core dump will be written. Minidumps are not enabled by default on client versions of Windows
#

---------------  S U M M A R Y ------------

Command Line: -Dfile.encoding=UTF-8 --module-path=D:\eclipse-workspace\cuoiki1\mssql-jdbc-11.2.1.jre17.jar -XX:+ShowCodeDetailsInExceptionMessages cuoiki.trangchu2

Host: Intel(R) Core(TM) i5-8265U CPU @ 1.60GHz, 8 cores, 11G,  Windows 10 , 64 bit Build 19041 (10.0.19041.2364)
Time: Sat Feb  4 21:19:00 2023 SE Asia Standard Time elapsed time: 0.014788 seconds (0d 0h 0m 0s)

---------------  T H R E A D  ---------------

Current thread (0x0000017a62669580):  JavaThread "Unknown thread" [_thread_in_vm, id=14636, stack(0x000000478b000000,0x000000478b100000)]

Stack: [0x000000478b000000,0x000000478b100000]
Native frames: (J=compiled Java code, j=interpreted, Vv=VM code, C=native code)
V  [jvm.dll+0x6ee8fa]
V  [jvm.dll+0x857a1e]
V  [jvm.dll+0x85940e]
V  [jvm.dll+0x859ac3]
V  [jvm.dll+0x28291f]
V  [jvm.dll+0x6eb6e9]
V  [jvm.dll+0x6e028a]
V  [jvm.dll+0x357136]
V  [jvm.dll+0x35eb96]
V  [jvm.dll+0x3b555e]
V  [jvm.dll+0x3b578f]
V  [jvm.dll+0x32c6ea]
V  [jvm.dll+0x32d59e]
V  [jvm.dll+0x821b20]
V  [jvm.dll+0x3c27c1]
V  [jvm.dll+0x8022f1]
V  [jvm.dll+0x44b30f]
V  [jvm.dll+0x44cc91]
C  [jli.dll+0x5287]
C  [ucrtbase.dll+0x21bb2]
C  [KERNEL32.DLL+0x17614]
C  [ntdll.dll+0x526a1]


---------------  P R O C E S S  ---------------

Threads class SMR info:
_java_thread_list=0x00007ffa65cbd048, length=0, elements={
}

Java Threads: ( => current thread )

Other Threads:
  0x0000017a626c89d0 WorkerThread "GC Thread#0" [stack: 0x000000478b100000,0x000000478b200000] [id=12724]
  0x0000017a626d5770 ConcurrentGCThread "G1 Main Marker" [stack: 0x000000478b200000,0x000000478b300000] [id=19940]
  0x0000017a626d6ae0 WorkerThread "G1 Conc#0" [stack: 0x000000478b300000,0x000000478b400000] [id=11028]

[error occurred during error reporting (printing all threads), id 0xc0000005, EXCEPTION_ACCESS_VIOLATION (0xc0000005) at pc=0x00007ffa6547d127]

VM state: not at safepoint (not fully initialized)

VM Mutex/Monitor currently owned by a thread:  ([mutex/lock_event])
[0x0000017a62664090] Heap_lock - owner thread: 0x0000017a62669580

Heap address: 0x0000000741c00000, size: 3044 MB, Compressed Oops mode: Zero based, Oop shift amount: 3

CDS archive(s) mapped at: [0x0000000000000000-0x0000000000000000-0x0000000000000000), size 0, SharedBaseAddress: 0x0000000800000000, ArchiveRelocationMode: 0.
Narrow klass base: 0x0000000000000000, Narrow klass shift: 0, Narrow klass range: 0x0

GC Precious Log:
 CardTable entry size: 512
 Card Set container configuration: InlinePtr #cards 4 size 8 Array Of Cards #cards 8 size 32 Howl #buckets 8 coarsen threshold 3686 Howl Bitmap #cards 512 size 80 coarsen threshold 460 Card regions per heap region 1 cards per card region 4096

Heap:
 garbage-first heap   total 0K, used 0K [0x0000000741c00000, 0x0000000800000000)
  region size 2048K, 0 young (0K), 0 survivors (0K)

[error occurred during error reporting (printing heap information), id 0xc0000005, EXCEPTION_ACCESS_VIOLATION (0xc0000005) at pc=0x00007ffa65886959]

GC Heap History (0 events):
No events

Dll operation events (1 events):
Event: 0.009 Loaded shared library C:\Program Files\Java\jdk-19\bin\java.dll

Deoptimization events (0 events):
No events

Classes loaded (0 events):
No events

Classes unloaded (0 events):
No events

Classes redefined (0 events):
No events

Internal exceptions (0 events):
No events

VM Operations (0 events):
No events

Events (0 events):
No events


Dynamic libraries:
0x00007ff791d10000 - 0x00007ff791d20000 	C:\Program Files\Java\jdk-19\bin\javaw.exe
0x00007ffae8a70000 - 0x00007ffae8c68000 	C:\Windows\SYSTEM32\ntdll.dll
0x00007ffae88f0000 - 0x00007ffae89af000 	C:\Windows\System32\KERNEL32.DLL
0x00007ffae6160000 - 0x00007ffae6432000 	C:\Windows\System32\KERNELBASE.dll
0x00007ffae6680000 - 0x00007ffae6780000 	C:\Windows\System32\ucrtbase.dll
0x00007ffacf250000 - 0x00007ffacf268000 	C:\Program Files\Java\jdk-19\bin\jli.dll
0x00007ffadf200000 - 0x00007ffadf21b000 	C:\Program Files\Java\jdk-19\bin\VCRUNTIME140.dll
0x00007ffae7a80000 - 0x00007ffae7b2e000 	C:\Windows\System32\ADVAPI32.dll
0x00007ffae7430000 - 0x00007ffae74ce000 	C:\Windows\System32\msvcrt.dll
0x00007ffae72e0000 - 0x00007ffae737c000 	C:\Windows\System32\sechost.dll
0x00007ffae8040000 - 0x00007ffae8165000 	C:\Windows\System32\RPCRT4.dll
0x00007ffae78c0000 - 0x00007ffae7a61000 	C:\Windows\System32\USER32.dll
0x00007ffae64d0000 - 0x00007ffae64f2000 	C:\Windows\System32\win32u.dll
0x00007ffacb5d0000 - 0x00007ffacb86a000 	C:\Windows\WinSxS\amd64_microsoft.windows.common-controls_6595b64144ccf1df_6.0.19041.1110_none_60b5254171f9507e\COMCTL32.dll
0x00007ffae6ab0000 - 0x00007ffae6adb000 	C:\Windows\System32\GDI32.dll
0x00007ffae6500000 - 0x00007ffae660f000 	C:\Windows\System32\gdi32full.dll
0x00007ffae6780000 - 0x00007ffae681d000 	C:\Windows\System32\msvcp_win.dll
0x00007ffadfb10000 - 0x00007ffadfb1a000 	C:\Windows\SYSTEM32\VERSION.dll
0x00007ffae82b0000 - 0x00007ffae82e2000 	C:\Windows\System32\IMM32.DLL
0x00007ffadf340000 - 0x00007ffadf34c000 	C:\Program Files\Java\jdk-19\bin\vcruntime140_1.dll
0x00007ffa9f4e0000 - 0x00007ffa9f56e000 	C:\Program Files\Java\jdk-19\bin\msvcp140.dll
0x00007ffa65140000 - 0x00007ffa65e00000 	C:\Program Files\Java\jdk-19\bin\server\jvm.dll
0x00007ffadf9a0000 - 0x00007ffadf9a9000 	C:\Windows\SYSTEM32\WSOCK32.dll
0x00007ffacade0000 - 0x00007ffacae07000 	C:\Windows\SYSTEM32\WINMM.dll
0x00007ffae82f0000 - 0x00007ffae835b000 	C:\Windows\System32\WS2_32.dll
0x00007ffae49b0000 - 0x00007ffae49c2000 	C:\Windows\SYSTEM32\kernel.appcore.dll
0x00007ffadf1f0000 - 0x00007ffadf1fa000 	C:\Program Files\Java\jdk-19\bin\jimage.dll
0x00007ffae3f20000 - 0x00007ffae4104000 	C:\Windows\SYSTEM32\DBGHELP.DLL
0x00007ffaccc00000 - 0x00007ffaccc35000 	C:\Windows\SYSTEM32\dbgcore.DLL
0x00007ffae6440000 - 0x00007ffae64c2000 	C:\Windows\System32\bcryptPrimitives.dll
0x00007ffac98f0000 - 0x00007ffac9916000 	C:\Program Files\Java\jdk-19\bin\java.dll

dbghelp: loaded successfully - version: 4.0.5 - missing functions: none
symbol engine: initialized successfully - sym options: 0x614 - pdb path: .;C:\Program Files\Java\jdk-19\bin;C:\Windows\SYSTEM32;C:\Windows\WinSxS\amd64_microsoft.windows.common-controls_6595b64144ccf1df_6.0.19041.1110_none_60b5254171f9507e;C:\Program Files\Java\jdk-19\bin\server

VM Arguments:
jvm_args: -Dfile.encoding=UTF-8 --module-path=D:\eclipse-workspace\cuoiki1\mssql-jdbc-11.2.1.jre17.jar -XX:+ShowCodeDetailsInExceptionMessages 
java_command: cuoiki.trangchu2
java_class_path (initial): F:\miglayout\miglayout-core-5.3.jar;F:\miglayout\miglayout-swing-5.3.jar;D:\eclipse-workspace\cuoiki1\bin
Launcher Type: SUN_STANDARD

[Global flags]
     intx CICompilerCount                          = 4                                         {product} {ergonomic}
     uint ConcGCThreads                            = 2                                         {product} {ergonomic}
     uint G1ConcRefinementThreads                  = 8                                         {product} {ergonomic}
   size_t G1HeapRegionSize                         = 2097152                                   {product} {ergonomic}
    uintx GCDrainStackTargetSize                   = 64                                        {product} {ergonomic}
   size_t InitialHeapSize                          = 201326592                                 {product} {ergonomic}
   size_t MarkStackSize                            = 4194304                                   {product} {ergonomic}
   size_t MaxHeapSize                              = 3191865344                                {product} {ergonomic}
   size_t MinHeapDeltaBytes                        = 2097152                                   {product} {ergonomic}
   size_t MinHeapSize                              = 8388608                                   {product} {ergonomic}
    uintx NonNMethodCodeHeapSize                   = 5839372                                {pd product} {ergonomic}
    uintx NonProfiledCodeHeapSize                  = 122909434                              {pd product} {ergonomic}
    uintx ProfiledCodeHeapSize                     = 122909434                              {pd product} {ergonomic}
    uintx ReservedCodeCacheSize                    = 251658240                              {pd product} {ergonomic}
     bool SegmentedCodeCache                       = true                                      {product} {ergonomic}
     bool ShowCodeDetailsInExceptionMessages       = true                                   {manageable} {command line}
   size_t SoftMaxHeapSize                          = 3191865344                             {manageable} {ergonomic}
     bool UseCompressedClassPointers               = true                           {product lp64_product} {ergonomic}
     bool UseCompressedOops                        = true                           {product lp64_product} {ergonomic}
     bool UseG1GC                                  = true                                      {product} {ergonomic}
     bool UseLargePagesIndividualAllocation        = false                                  {pd product} {ergonomic}

Logging:
Log output configuration:
 #0: stdout all=warning uptime,level,tags foldmultilines=false
 #1: stderr all=off uptime,level,tags foldmultilines=false

Environment Variables:
PATH=E:/eclipse-jee-2022-09-R-win32-x86_64/eclipse//plugins/org.eclipse.justj.openjdk.hotspot.jre.full.win32.x86_64_17.0.4.v20220903-1038/jre/bin/server;E:/eclipse-jee-2022-09-R-win32-x86_64/eclipse//plugins/org.eclipse.justj.openjdk.hotspot.jre.full.win32.x86_64_17.0.4.v20220903-1038/jre/bin;C:\Program Files\Microsoft MPI\Bin\;C:\Program Files\Common Files\Oracle\Java\javapath;C:\Windows\system32;C:\Windows;C:\Windows\System32\Wbem;C:\Windows\System32\WindowsPowerShell\v1.0\;C:\Windows\System32\OpenSSH\;C:\Program Files\nodejs\;C:\Program Files\Azure Data Studio\bin;C:\Program Files (x86)\Microsoft SQL Server\150\DTS\Binn\;C:\Program Files\Microsoft SQL Server\Client SDK\ODBC\170\Tools\Binn\;C:\Program Files (x86)\Microsoft SQL Server\150\Tools\Binn\;C:\Program Files\Microsoft SQL Server\150\Tools\Binn\;C:\Program Files\Microsoft SQL Server\150\DTS\Binn\;C:\Users\tanph\AppData\Local\Microsoft\WindowsApps;;C:\Users\tanph\AppData\Local\Programs\Microsoft VS Code\bin;C:\Users\tanph\AppData\Roaming\npm;C:\Program Files\Azure Data Studio\bin;E:\eclipse-jee-2022-09-R-win32-x86_64\eclipse;
USERNAME=tanph
OS=Windows_NT
PROCESSOR_IDENTIFIER=Intel64 Family 6 Model 142 Stepping 11, GenuineIntel
TMP=C:\Users\tanph\AppData\Local\Temp
TEMP=C:\Users\tanph\AppData\Local\Temp



---------------  S Y S T E M  ---------------

OS:
 Windows 10 , 64 bit Build 19041 (10.0.19041.2364)
OS uptime: 10 days 22:44 hours

CPU: total 8 (initial active 8) (4 cores per cpu, 2 threads per core) family 6 model 142 stepping 11 microcode 0xf0, cx8, cmov, fxsr, ht, mmx, 3dnowpref, sse, sse2, sse3, ssse3, sse4.1, sse4.2, popcnt, lzcnt, tsc, tscinvbit, avx, avx2, aes, erms, clmul, bmi1, bmi2, adx, fma, vzeroupper, clflush, clflushopt, rdtscp

Memory: 4k page, system-wide physical 12169M (1178M free)
TotalPageFile size 27420M (AvailPageFile size 109M)
current process WorkingSet (physical memory assigned to process): 10M, peak: 10M
current process commit charge ("private bytes"): 60M, peak: 252M

vm_info: Java HotSpot(TM) 64-Bit Server VM (19+36-2238) for windows-amd64 JRE (19+36-2238), built on 2022-08-12T20:29:01Z by "mach5one" with MS VC++ 17.1 (VS2022)

END.
